*** Starting uWSGI 2.0.17.1 (64bit) on [Tue Nov 20 10:24:48 2018] ***
compiled with version: 4.8.5 20150623 (Red Hat 4.8.5-28) on 20 November 2018 01:39:58
os: Linux-3.10.0-693.2.2.el7.x86_64 #1 SMP Tue Sep 12 22:26:13 UTC 2017
nodename: iZbp1768xkpnkpyk9n3hlpZ
machine: x86_64
clock source: unix
pcre jit disabled
detected number of CPU cores: 1
current working directory: /usr/www/scrapy
detected binary path: /usr/local/python3/bin/uwsgi
uWSGI running as root, you can use --uid/--gid/--chroot options
*** WARNING: you are running uWSGI as root !!! (use the --uid flag) *** 
chdir() to /usr/www/scrapy
*** WARNING: you are running uWSGI without its master process manager ***
your processes number limit is 7283
your memory page size is 4096 bytes
detected max file descriptor number: 65535
lock engine: pthread robust mutexes
thunder lock: disabled (you can enable it with --thunder-lock)
probably another instance of uWSGI is running on the same address (127.0.0.1:8997).
bind(): Address already in use [core/socket.c line 769]
