*** Starting uWSGI 2.0.17.1 (64bit) on [Tue Nov 20 11:46:36 2018] ***
compiled with version: 4.8.5 20150623 (Red Hat 4.8.5-28) on 20 November 2018 01:41:33
os: Linux-3.10.0-693.2.2.el7.x86_64 #1 SMP Tue Sep 12 22:26:13 UTC 2017
nodename: iZbp1768xkpnkpyk9n3hlpZ
machine: x86_64
clock source: unix
pcre jit disabled
detected number of CPU cores: 1
current working directory: /usr/www/scrapy/mysite
writing pidfile to uwsgi.pid
detected binary path: /usr/bin/uwsgi
uWSGI running as root, you can use --uid/--gid/--chroot options
*** WARNING: you are running uWSGI as root !!! (use the --uid flag) *** 
chdir() to /usr/www/scrapy/mysite
your processes number limit is 7283
your memory page size is 4096 bytes
detected max file descriptor number: 65535
lock engine: pthread robust mutexes
thunder lock: disabled (you can enable it with --thunder-lock)
uwsgi socket 0 bound to TCP address 127.0.0.1:8092 fd 3
uWSGI running as root, you can use --uid/--gid/--chroot options
*** WARNING: you are running uWSGI as root !!! (use the --uid flag) *** 
Python version: 2.7.5 (default, Jul 13 2018, 13:06:57)  [GCC 4.8.5 20150623 (Red Hat 4.8.5-28)]
Python main interpreter initialized at 0x2211ee0
uWSGI running as root, you can use --uid/--gid/--chroot options
*** WARNING: you are running uWSGI as root !!! (use the --uid flag) *** 
python threads support enabled
your server socket listen backlog is limited to 100 connections
your mercy for graceful operations on workers is 60 seconds
mapped 416880 bytes (407 KB) for 8 cores
*** Operational MODE: preforking+threaded ***
Traceback (most recent call last):
  File "mysite/wsgi.py", line 12, in <module>
    from django.core.wsgi import get_wsgi_application
ImportError: No module named django.core.wsgi
unable to load app 0 (mountpoint='') (callable not found or import error)
*** no app loaded. going in full dynamic mode ***
uWSGI running as root, you can use --uid/--gid/--chroot options
*** WARNING: you are running uWSGI as root !!! (use the --uid flag) *** 
*** uWSGI is running in multiple interpreter mode ***
spawned uWSGI master process (pid: 32392)
spawned uWSGI worker 1 (pid: 32401, cores: 2)
spawned uWSGI worker 2 (pid: 32402, cores: 2)
spawned uWSGI worker 3 (pid: 32403, cores: 2)
spawned uWSGI worker 4 (pid: 32404, cores: 2)
